<?xml version="1.0" encoding="UTF-8"?>
<!-- Generated by org.testng.reporters.JUnitReportReporter -->
<testsuite hostname="LAPTOP-5PE4UGBV" name="com.crmpro.qa.TestCases.TestClass" tests="1" failures="0" timestamp="28 Oct 2018 07:06:14 GMT" time="36.589" errors="0">
  <testcase name="testMethod" time="36.589" classname="com.crmpro.qa.TestCases.TestClass"/>
</testsuite> <!-- com.crmpro.qa.TestCases.TestClass -->
