<?xml version="1.0" encoding="UTF-8"?>
<!-- Generated by org.testng.reporters.JUnitReportReporter -->
<testsuite hostname="LAPTOP-5PE4UGBV" name="com.crmpro.qa.TestCases.ContactsPageTest" tests="1" failures="0" timestamp="6 Nov 2018 06:07:28 GMT" time="1.422" errors="0">
  <testcase name="getValue" time="1.422" classname="com.crmpro.qa.TestCases.ContactsPageTest"/>
</testsuite> <!-- com.crmpro.qa.TestCases.ContactsPageTest -->
