<?xml version="1.0" encoding="UTF-8"?>
<!-- Generated by org.testng.reporters.JUnitReportReporter -->
<testsuite hostname="LAPTOP-5PE4UGBV" name="com.crmpro.qa.TestCases.HomePageTest" tests="2" failures="0" timestamp="6 Nov 2018 06:07:28 GMT" time="0.524" errors="0">
  <testcase name="verifyCRMPROlogoText" time="0.319" classname="com.crmpro.qa.TestCases.HomePageTest"/>
  <testcase name="verifyHomePageTitle" time="0.205" classname="com.crmpro.qa.TestCases.HomePageTest"/>
</testsuite> <!-- com.crmpro.qa.TestCases.HomePageTest -->
