<?xml version="1.0" encoding="UTF-8"?>
<!-- Generated by org.testng.reporters.JUnitReportReporter -->
<testsuite hostname="LAPTOP-5PE4UGBV" name="com.crmpro.qa.TestCases.LoginPageTest" tests="3" failures="0" timestamp="6 Nov 2018 06:07:28 GMT" time="12.558" errors="0">
  <testcase name="validateLoginPageLOGO" time="0.455" classname="com.crmpro.qa.TestCases.LoginPageTest"/>
  <testcase name="validLogin" time="7.624" classname="com.crmpro.qa.TestCases.LoginPageTest"/>
  <testcase name="validateLoginPageTitle" time="4.479" classname="com.crmpro.qa.TestCases.LoginPageTest"/>
</testsuite> <!-- com.crmpro.qa.TestCases.LoginPageTest -->
