<?xml version="1.0" encoding="UTF-8"?>
<!-- Generated by org.testng.reporters.JUnitReportReporter -->
<testsuite hostname="LAPTOP-5PE4UGBV" name="com.crmpro.qa.TestCases.LoginPageTest" tests="3" failures="0" timestamp="9 Nov 2020 13:25:42 GMT" time="18.311" errors="0">
  <testcase name="validateLoginPageLOGO" time="0.161" classname="com.crmpro.qa.TestCases.LoginPageTest"/>
  <testcase name="validateLoginPageTitle" time="4.104" classname="com.crmpro.qa.TestCases.LoginPageTest"/>
  <testcase name="validLogin" time="14.046" classname="com.crmpro.qa.TestCases.LoginPageTest"/>
</testsuite> <!-- com.crmpro.qa.TestCases.LoginPageTest -->
