<?xml version="1.0" encoding="UTF-8"?>
<!-- Generated by org.testng.reporters.JUnitReportReporter -->
<testsuite hostname="LAPTOP-5PE4UGBV" name="com.crmpro.qa.TestCases.LoginPageTest" tests="3" failures="0" timestamp="4 Nov 2018 06:12:16 GMT" time="12.193" errors="0">
  <testcase name="validateLoginPageLOGO" time="0.354" classname="com.crmpro.qa.TestCases.LoginPageTest"/>
  <testcase name="validateLoginPageTitle" time="4.350" classname="com.crmpro.qa.TestCases.LoginPageTest"/>
  <testcase name="validLogin" time="7.489" classname="com.crmpro.qa.TestCases.LoginPageTest"/>
</testsuite> <!-- com.crmpro.qa.TestCases.LoginPageTest -->
